<<<<<<< HEAD
﻿Build started 6/1/2016 9:03:26 PM.
     1>Project "C:\Users\User\Documents\GitHub\LiadnRaz\LiadnRaz\LiadnRaz.vcxproj" on node 2 (Build target(s)).
     1>ClCompile:
         C:\Program Files (x86)\Microsoft Visual Studio 12.0\VC\bin\CL.exe /c /ZI /nologo /W3 /WX- /sdl /Od /Oy- /D _MBCS /Gm /EHsc /RTC1 /MDd /GS /fp:precise /Zc:wchar_t /Zc:forScope /Fo"Debug\\" /Fd"Debug\vc120.pdb" /Gd /TP /analyze- /errorReport:prompt TriviaServer.cpp User.cpp main.cpp
         User.cpp
         TriviaServer.cpp
         Generating Code...
         Compiling...
         main.cpp
         Generating Code...
       Link:
         C:\Program Files (x86)\Microsoft Visual Studio 12.0\VC\bin\link.exe /ERRORREPORT:PROMPT /OUT:"C:\Users\User\Documents\GitHub\LiadnRaz\Debug\LiadnRaz.exe" /INCREMENTAL /NOLOGO kernel32.lib user32.lib gdi32.lib winspool.lib comdlg32.lib advapi32.lib shell32.lib ole32.lib oleaut32.lib uuid.lib odbc32.lib odbccp32.lib /MANIFEST /MANIFESTUAC:"level='asInvoker' uiAccess='false'" /manifest:embed /DEBUG /PDB:"C:\Users\User\Documents\GitHub\LiadnRaz\Debug\LiadnRaz.pdb" /TLBID:1 /DYNAMICBASE /NXCOMPAT /IMPLIB:"C:\Users\User\Documents\GitHub\LiadnRaz\Debug\LiadnRaz.lib" /MACHINE:X86 Debug\Helper.obj
         Debug\main.obj
         Debug\RecievedMessage.obj
         Debug\sqlite3.obj
         Debug\TriviaServer.obj
         Debug\User.obj
         Debug\valid.obj
         LiadnRaz.vcxproj -> C:\Users\User\Documents\GitHub\LiadnRaz\Debug\LiadnRaz.exe
     1>Done Building Project "C:\Users\User\Documents\GitHub\LiadnRaz\LiadnRaz\LiadnRaz.vcxproj" (Build target(s)).
=======
﻿Build started 6/1/2016 9:34:32 PM.
     1>Project "C:\Users\User\Documents\GitHub\LiadnRaz\LiadnRaz\LiadnRaz.vcxproj" on node 2 (Build target(s)).
     1>ClCompile:
         C:\Program Files (x86)\Microsoft Visual Studio 12.0\VC\bin\CL.exe /c /ZI /nologo /W3 /WX- /sdl /Od /Oy- /D _MBCS /Gm /EHsc /RTC1 /MDd /GS /fp:precise /Zc:wchar_t /Zc:forScope /Fo"Debug\\" /Fd"Debug\vc120.pdb" /Gd /TP /analyze- /errorReport:prompt DataBase.cpp
         DataBase.cpp
     1>c:\users\user\documents\github\liadnraz\liadnraz\database.h(13): warning C4290: C++ exception specification ignored except to indicate a function is not __declspec(nothrow)
     1>c:\users\user\documents\github\liadnraz\liadnraz\database.h(18): error C2065: 'Question' : undeclared identifier
     1>C:\Program Files (x86)\MSBuild\Microsoft.Cpp\v4.0\V120\Microsoft.CppCommon.targets(341,5): error MSB6006: "CL.exe" exited with code 2.
     1>c:\users\user\documents\github\liadnraz\liadnraz\database.h(18): error C2059: syntax error : '>'
     1>c:\users\user\documents\github\liadnraz\liadnraz\database.h(18): error C2976: 'std::vector' : too few template arguments
                 c:\program files (x86)\microsoft visual studio 12.0\vc\include\vector(650) : see declaration of 'std::vector'
     1>c:\users\user\documents\github\liadnraz\liadnraz\database.cpp(4): warning C4290: C++ exception specification ignored except to indicate a function is not __declspec(nothrow)
     1>Done Building Project "C:\Users\User\Documents\GitHub\LiadnRaz\LiadnRaz\LiadnRaz.vcxproj" (Build target(s)) -- FAILED.
>>>>>>> origin/master

Build succeeded.

<<<<<<< HEAD
Time Elapsed 00:00:03.18
=======
Time Elapsed 00:00:03.42
>>>>>>> origin/master
